<?xml version="1.0" encoding="UTF-8"?>
<!-- Generated by org.testng.reporters.JUnitXMLReporter -->
<testsuite ignored="1" hostname="DESKTOP-3SP5SHT" failures="0" tests="1" name="Default test" time="10.624" errors="0" timestamp="2023-03-23T17:12:43 IST">
  <testcase classname="UI.GoogleTests" name="googleCheckFailedTest" time="4.235"/>
  <testcase classname="UI.GoogleTests" name="googleCheckPassedTest" time="0.0">
    <ignored/>
  </testcase> <!-- googleCheckPassedTest -->
</testsuite> <!-- Default test -->
